Greedy, xfooxxxxxxfoo, .*foo
I found the text "xfooxxxxxxfoo" starting at index 0 and ending at index 13.

Reluctant, xfooxxxxxxfoo, .*?foo
I found the text "xfoo" starting at index 0 and ending at index 4.
I found the text "xxxxxxfoo" starting at index 4 and ending at index 13.

Possessive, xfooxxxxxxfoo, .*+foo

Greedy, xfooxxxxxxfoo, .{2,5}
I found the text "xfoox" starting at index 0 and ending at index 5.
I found the text "xxxxx" starting at index 5 and ending at index 10.
I found the text "foo" starting at index 10 and ending at index 13.

Reluctant, xfooxxxxxxfoo, .{2,5}?
I found the text "xf" starting at index 0 and ending at index 2.
I found the text "oo" starting at index 2 and ending at index 4.
I found the text "xx" starting at index 4 and ending at index 6.
I found the text "xx" starting at index 6 and ending at index 8.
I found the text "xx" starting at index 8 and ending at index 10.
I found the text "fo" starting at index 10 and ending at index 12.

Possessive, xfooxxxxxxfoo, .{2,5}+
I found the text "xfoox" starting at index 0 and ending at index 5.
I found the text "xxxxx" starting at index 5 and ending at index 10.
I found the text "foo" starting at index 10 and ending at index 13.