$ curl -XPOST -H 'Content-Type: application/json' -d '{"query":"query{books{id title dataLoaderIsbn}}"}' http://localhost:8080/graphql
{
  "data": {
    "books": [
      {
        "id": 7,
        "title": "Ojo en el cielo",
        "dataLoaderIsbn": "3a8441b1-fd9a-40d4-8765-2ccb0900a223"
      },
      {
        "id": 8,
        "title": "Muerte de la luz",
        "dataLoaderIsbn": "06f217f7-5be0-4334-b946-1b29e93387a1"
      },
      {
        "id": 9,
        "title": "El nombre de la rosa",
        "dataLoaderIsbn": "ffc704a3-b34a-4a06-80e1-506e33d20aab"
      },
      {
        "id": 10,
        "title": "Los tejedores de cabellos",
        "dataLoaderIsbn": "21b70880-e245-405e-bffc-ab6c5975d837"
      },
      {
        "id": 11,
        "title": "Ready Player One",
        "dataLoaderIsbn": "18cd56d3-8050-4467-9fa8-fb9aeb0d1ea5"
      }
    ]
  }
}