{
  "data": {
    "books": [
      {
        "title": "Ojo en el cielo",
        "batchedComments": {
          "edges": [
            {
              "node": {
                "text": "Comment 1"
              },
              "cursor": "aW8uZ2l0aHViLnBpY29kb3RkZXYuYmxvZ2JpdGl4LmdyYXBocWwuQ29tbWVudDox"
            },
            {
              "node": {
                "text": "Comment 2"
              },
              "cursor": "aW8uZ2l0aHViLnBpY29kb3RkZXYuYmxvZ2JpdGl4LmdyYXBocWwuQ29tbWVudDoy"
            },
            {
              "node": {
                "text": "Comment 3"
              },
              "cursor": "aW8uZ2l0aHViLnBpY29kb3RkZXYuYmxvZ2JpdGl4LmdyYXBocWwuQ29tbWVudDoz"
            }
          ],
          "pageInfo": {
            "startCursor": "aW8uZ2l0aHViLnBpY29kb3RkZXYuYmxvZ2JpdGl4LmdyYXBocWwuQ29tbWVudDox",
            "endCursor": "aW8uZ2l0aHViLnBpY29kb3RkZXYuYmxvZ2JpdGl4LmdyYXBocWwuQ29tbWVudDoz",
            "hasNextPage": true
          }
        }
      },
      {
        "title": "Muerte de la luz",
        "batchedComments": {
          "edges": [
            {
              "node": {
                "text": "Comment 1"
              },
              "cursor": "aW8uZ2l0aHViLnBpY29kb3RkZXYuYmxvZ2JpdGl4LmdyYXBocWwuQ29tbWVudDox"
            },
            {
              "node": {
                "text": "Comment 2"
              },
              "cursor": "aW8uZ2l0aHViLnBpY29kb3RkZXYuYmxvZ2JpdGl4LmdyYXBocWwuQ29tbWVudDoy"
            },
            {
              "node": {
                "text": "Comment 3"
              },
              "cursor": "aW8uZ2l0aHViLnBpY29kb3RkZXYuYmxvZ2JpdGl4LmdyYXBocWwuQ29tbWVudDoz"
            }
          ],
          "pageInfo": {
            "startCursor": "aW8uZ2l0aHViLnBpY29kb3RkZXYuYmxvZ2JpdGl4LmdyYXBocWwuQ29tbWVudDox",
            "endCursor": "aW8uZ2l0aHViLnBpY29kb3RkZXYuYmxvZ2JpdGl4LmdyYXBocWwuQ29tbWVudDoz",
            "hasNextPage": true
          }
        }
      },
      {
        "title": "El nombre de la rosa",
        "batchedComments": {
          "edges": [
            {
              "node": {
                "text": "Comment 1"
              },
              "cursor": "aW8uZ2l0aHViLnBpY29kb3RkZXYuYmxvZ2JpdGl4LmdyYXBocWwuQ29tbWVudDox"
            },
            {
              "node": {
                "text": "Comment 2"
              },
              "cursor": "aW8uZ2l0aHViLnBpY29kb3RkZXYuYmxvZ2JpdGl4LmdyYXBocWwuQ29tbWVudDoy"
            },
            {
              "node": {
                "text": "Comment 3"
              },
              "cursor": "aW8uZ2l0aHViLnBpY29kb3RkZXYuYmxvZ2JpdGl4LmdyYXBocWwuQ29tbWVudDoz"
            }
          ],
          "pageInfo": {
            "startCursor": "aW8uZ2l0aHViLnBpY29kb3RkZXYuYmxvZ2JpdGl4LmdyYXBocWwuQ29tbWVudDox",
            "endCursor": "aW8uZ2l0aHViLnBpY29kb3RkZXYuYmxvZ2JpdGl4LmdyYXBocWwuQ29tbWVudDoz",
            "hasNextPage": true
          }
        }
      },
      {
        "title": "Los tejedores de cabellos",
        "batchedComments": {
          "edges": [
            {
              "node": {
                "text": "Comment 1"
              },
              "cursor": "aW8uZ2l0aHViLnBpY29kb3RkZXYuYmxvZ2JpdGl4LmdyYXBocWwuQ29tbWVudDox"
            },
            {
              "node": {
                "text": "Comment 2"
              },
              "cursor": "aW8uZ2l0aHViLnBpY29kb3RkZXYuYmxvZ2JpdGl4LmdyYXBocWwuQ29tbWVudDoy"
            },
            {
              "node": {
                "text": "Comment 3"
              },
              "cursor": "aW8uZ2l0aHViLnBpY29kb3RkZXYuYmxvZ2JpdGl4LmdyYXBocWwuQ29tbWVudDoz"
            }
          ],
          "pageInfo": {
            "startCursor": "aW8uZ2l0aHViLnBpY29kb3RkZXYuYmxvZ2JpdGl4LmdyYXBocWwuQ29tbWVudDox",
            "endCursor": "aW8uZ2l0aHViLnBpY29kb3RkZXYuYmxvZ2JpdGl4LmdyYXBocWwuQ29tbWVudDoz",
            "hasNextPage": true
          }
        }
      },
      {
        "title": "Ready Player One",
        "batchedComments": {
          "edges": [
            {
              "node": {
                "text": "Comment 1"
              },
              "cursor": "aW8uZ2l0aHViLnBpY29kb3RkZXYuYmxvZ2JpdGl4LmdyYXBocWwuQ29tbWVudDox"
            },
            {
              "node": {
                "text": "Comment 2"
              },
              "cursor": "aW8uZ2l0aHViLnBpY29kb3RkZXYuYmxvZ2JpdGl4LmdyYXBocWwuQ29tbWVudDoy"
            },
            {
              "node": {
                "text": "Comment 3"
              },
              "cursor": "aW8uZ2l0aHViLnBpY29kb3RkZXYuYmxvZ2JpdGl4LmdyYXBocWwuQ29tbWVudDoz"
            }
          ],
          "pageInfo": {
            "startCursor": "aW8uZ2l0aHViLnBpY29kb3RkZXYuYmxvZ2JpdGl4LmdyYXBocWwuQ29tbWVudDox",
            "endCursor": "aW8uZ2l0aHViLnBpY29kb3RkZXYuYmxvZ2JpdGl4LmdyYXBocWwuQ29tbWVudDoz",
            "hasNextPage": true
          }
        }
      }
    ]
  }
}