Sending build context to Docker daemon  10.75kB
Step 1/6 : FROM ubuntu:20.04
 ---> f643c72bc252
Step 2/6 : MAINTAINER picodotdev <pico.dev@gmail.com>
 ---> Using cache
 ---> 58c7c960b513
Step 3/6 : RUN apt-get -y update &&     apt-get -y install nginx
 ---> Running in a3dd3d05b2b9
Get:1 http://archive.ubuntu.com/ubuntu focal InRelease [265 kB]
Get:2 http://security.ubuntu.com/ubuntu focal-security InRelease [109 kB]
...
Setting up nginx (1.18.0-0ubuntu1) ...
Processing triggers for libc-bin (2.31-0ubuntu9.1) ...
Removing intermediate container a3dd3d05b2b9
 ---> efa07d7c2e15
Step 4/6 : RUN ln -sf /dev/stdout /var/log/nginx/access.log     && ln -sf /dev/stderr /var/log/nginx/error.log
 ---> Running in feb46051e784
Removing intermediate container feb46051e784
 ---> bf5cf443326a
Step 5/6 : EXPOSE 80
 ---> Running in 5ee72ef91b9d
Removing intermediate container 5ee72ef91b9d
 ---> 7c5f47295134
Step 6/6 : CMD ["nginx", "-g", "daemon off;"]
 ---> Running in 6dc6c8054938
Removing intermediate container 6dc6c8054938
 ---> d76e74522ce5
Successfully built d76e74522ce5
Successfully tagged picodotdev/nginx:1.0