{
  "data": {
    "__type": {
      "name": "__Type",
      "fields": [
        {
          "name": "description",
          "type": {
            "name": "String",
            "kind": "SCALAR"
          }
        },
        {
          "name": "enumValues",
          "type": {
            "name": null,
            "kind": "LIST"
          }
        },
        {
          "name": "fields",
          "type": {
            "name": null,
            "kind": "LIST"
          }
        },
        {
          "name": "inputFields",
          "type": {
            "name": null,
            "kind": "LIST"
          }
        },
        {
          "name": "interfaces",
          "type": {
            "name": null,
            "kind": "LIST"
          }
        },
        {
          "name": "kind",
          "type": {
            "name": null,
            "kind": "NON_NULL"
          }
        },
        {
          "name": "name",
          "type": {
            "name": "String",
            "kind": "SCALAR"
          }
        },
        {
          "name": "ofType",
          "type": {
            "name": "__Type",
            "kind": "OBJECT"
          }
        },
        {
          "name": "possibleTypes",
          "type": {
            "name": null,
            "kind": "LIST"
          }
        }
      ]
    }
  }
}