# Side-Effects
2
java.lang.ArithmeticException: / by zero
	at io.github.picodotdev.blogbitix.vavr.Main.lambda$main$8fab2fe6$1(Main.java:20)

	at io.github.picodotdev.blogbitix.vavr.Main.lambda$main$a54cc6af$2(Main.java:22)
# Functional Data Structures
	at io.vavr.control.Try.of(Try.java:75)
	at io.github.picodotdev.blogbitix.vavr.Main.main(Main.java:22)
2
4
6

# Collections
1
2
3

# Tuples
Titulo: El señor de los anillos, Páginas: 1272, Precio: 10,40

# Values
0.9017284202792532
0.9017284202792532
2
java.lang.ArithmeticException: / by zero
	at io.github.picodotdev.blogbitix.vavr.Main.lambda$main$8fab2fe6$2(Main.java:56)
	at io.github.picodotdev.blogbitix.vavr.Main.lambda$main$d82d4ab3$1(Main.java:58)
	at io.vavr.control.Try.of(Try.java:75)
	at io.github.picodotdev.blogbitix.vavr.Main.main(Main.java:58)
5
0.5015851774222647
0.5015851774222647
6.34