LinkChecker 9.4.0              Copyright (C) 2000-2014 Bastian Kleineidam
LinkChecker comes with ABSOLUTELY NO WARRANTY!
This is free software, and you are welcome to redistribute it
under certain conditions. Look at the file `LICENSE' within this
distribution.
Get the newest version at https://linkchecker.github.io/linkchecker/
Write comments and bugs to https://github.com/linkchecker/linkchecker/issues

Start checking at 2020-01-15 20:06:36+000

URL        `https://picodotdev.github.io/blog-bitix/'
Real URL   https://picodotdev.github.io/blog-bitix/
Check time 0.586 seconds
D/L time   0.002 seconds
Size       30.86KB
Result     Valid: 200 OK
10 threads active,    54 links queued,    1 link in  65 URLs checked, runtime 1 seconds

URL        `/blog-bitix/assets/favicon.ico'
Parent URL https://picodotdev.github.io/blog-bitix/, line 19, col 3
Real URL   https://picodotdev.github.io/blog-bitix/assets/favicon.ico
Check time 0.632 seconds
Size       9KB
Result     Valid: 200 OK

URL        `https://picodotdev.github.io/blog-bitix/sitemap.xml'
Parent URL https://picodotdev.github.io/blog-bitix/, line 16
Real URL   https://picodotdev.github.io/blog-bitix/sitemap.xml
Check time 0.912 seconds
D/L time   0.051 seconds
Size       90.27KB
Result     Valid: 200 OK
...
URL        `http://barrapunto.com/'
Name       `Barrapunto'
Parent URL https://picodotdev.github.io/blog-bitix/pages/links/, line 262, col 5
Real URL   http://barrapunto.com/
Check time 0.260 seconds
Result     Error: ConnectionError: HTTPConnectionPool(host='barrapunto.com', port=80): Max retries exceeded with url: / (Caused by NewConnectionError('<urllib3.connection.HTTPConnection object at 0x7f45343fac10>: Failed to establish a new connection: [Errno ...
...