--2020-01-15 21:00:06--  http://xn--spider-vg0c/
Resolviendo xn--spider-vg0c (xn--spider-vg0c)... falló: Nombre o servicio desconocido.
wget: no se pudo resolver la dirección del equipo “xn--spider-vg0c”
--2020-01-15 21:00:06--  https://picodotdev.github.io/blog-bitix/
Cargado certificado CA '/etc/ssl/certs/ca-certificates.crt'
Resolviendo picodotdev.github.io (picodotdev.github.io)... 185.199.108.153, 185.199.109.153, 185.199.111.153, ...
Conectando con picodotdev.github.io (picodotdev.github.io)[185.199.108.153]:443... conectado.
Petición HTTP enviada, esperando respuesta... 200 OK
Longitud: 31602 (31K) [text/html]
Grabando a: “picodotdev.github.io/blog-bitix/index.html”

     0K .......... .......... ..........                      100% 37,1M=0,001s

2020-01-15 21:00:07 (37,1 MB/s) - “picodotdev.github.io/blog-bitix/index.html” guardado [31602/31602]

--2020-01-15 21:00:07--  https://picodotdev.github.io/blog-bitix/assets/favicon.ico
Reutilizando la conexión con picodotdev.github.io:443.
Petición HTTP enviada, esperando respuesta... 200 OK
Longitud: 9662 (9,4K) [image/vnd.microsoft.icon]
Grabando a: “picodotdev.github.io/blog-bitix/assets/favicon.ico”

     0K .........                                             100% 80,6M=0s

2020-01-15 21:00:07 (80,6 MB/s) - “picodotdev.github.io/blog-bitix/assets/favicon.ico” guardado [9662/9662]

--2020-01-15 21:00:07--  https://picodotdev.github.io/blog-bitix/assets/apple-touch-icon-144-precomposed.png
Reutilizando la conexión con picodotdev.github.io:443.
Petición HTTP enviada, esperando respuesta... 200 OK
Longitud: 4443 (4,3K) [image/png]
Grabando a: “picodotdev.github.io/blog-bitix/assets/apple-touch-icon-144-precomposed.png”

     0K ....                                                  100% 40,1M=0s

2020-01-15 21:00:07 (40,1 MB/s) - “picodotdev.github.io/blog-bitix/assets/apple-touch-icon-144-precomposed.png” guardado [4443/4443]
...