$ ls -la
total 40
drwxr-xr-x  11 picodotdev  110277442   352  7 abr 12:11 .
drwxr-xr-x  78 picodotdev  110277442  2496  7 abr 10:41 ..
drwxr-xr-x   5 picodotdev  110277442   160  7 abr 10:47 .gradle
drwxr-xr-x   6 picodotdev  110277442   192  7 abr 12:23 .idea
drwxr-xr-x   4 picodotdev  110277442   128  7 abr 10:50 build
-rw-r--r--   1 picodotdev  110277442   156  7 abr 10:49 build.gradle
drwxr-xr-x   3 picodotdev  110277442    96  7 abr 10:42 gradle
-rwxr-xr-x   1 picodotdev  110277442  5296  7 abr 10:42 gradlew
-rw-r--r--   1 picodotdev  110277442  2260  7 abr 10:42 gradlew.bat
-rw-r--r--   1 picodotdev  110277442   354  7 abr 10:42 settings.gradle
drwxr-xr-x   4 picodotdev  110277442   128  7 abr 10:48 src

# ls -la (with Java)
drwxr-xr-x  picodotdev  110277442   352  7 abr 12:11 .
drwxr-xr-x  picodotdev  110277442   160  7 abr 10:47 .gradle
drwxr-xr-x  picodotdev  110277442   192  7 abr 12:23 .idea
drwxr-xr-x  picodotdev  110277442   128  7 abr 10:50 build
-rw-r--r--  picodotdev  110277442   156  7 abr 10:49 build.gradle
drwxr-xr-x  picodotdev  110277442    96  7 abr 10:42 gradle
-rwxr-xr-x  picodotdev  110277442  5296  7 abr 10:42 gradlew
-rw-r--r--  picodotdev  110277442  2260  7 abr 10:42 gradlew.bat
-rw-r--r--  picodotdev  110277442   354  7 abr 10:42 settings.gradle
drwxr-xr-x  picodotdev  110277442   128  7 abr 10:48 src