{
  "data": {
    "book": {
      "name": "Book",
      "fields": [
        {
          "name": "author",
          "type": {
            "name": "Author",
            "kind": "OBJECT"
          }
        },
        {
          "name": "batchedComments",
          "type": {
            "name": "CommentsConnection",
            "kind": "OBJECT"
          }
        },
        {
          "name": "batchedIsbn",
          "type": {
            "name": "String",
            "kind": "SCALAR"
          }
        },
        {
          "name": "comments",
          "type": {
            "name": "CommentsConnection",
            "kind": "OBJECT"
          }
        },
        {
          "name": "date",
          "type": {
            "name": "LocalDate",
            "kind": "SCALAR"
          }
        },
        {
          "name": "id",
          "type": {
            "name": "Long",
            "kind": "SCALAR"
          }
        },
        {
          "name": "isbn",
          "type": {
            "name": "String",
            "kind": "SCALAR"
          }
        },
        {
          "name": "title",
          "type": {
            "name": "String",
            "kind": "SCALAR"
          }
        }
      ]
    },
    "author": {
      "name": "Author",
      "fields": [
        {
          "name": "id",
          "type": {
            "name": "Long",
            "kind": "SCALAR"
          }
        },
        {
          "name": "name",
          "type": {
            "name": "String",
            "kind": "SCALAR"
          }
        }
      ]
    }
  }
}