[picodotdev@archlinux HolaMundoJavers]$ ./gradlew run
:compileJava
:processResources UP-TO-DATE
:classes
:run

  .   ____          _            __ _ _
 /\\ / ___'_ __ _ _(_)_ __  __ _ \ \ \ \
( ( )\___ | '_ | '_| | '_ \/ _` | \ \ \ \
 \\/  ___)| |_)| | | | | || (_| |  ) ) ) )
  '  |____| .__|_| |_|_| |_\__, | / / / /
 =========|_|==============|___/=/_/_/_/
 :: Spring Boot ::        (v1.4.1.RELEASE)

Diff...
Diff:
1. NewObject{globalId:'io.github.picodotdev.blogbitix.holamundojavers.Category/Sport'}
2. ObjectRemoved{globalId:'io.github.picodotdev.blogbitix.holamundojavers.Category/Drink'}
3. ValueChange{globalId:'io.github.picodotdev.blogbitix.holamundojavers.Product/Aquarius', property:'price', oldVal:'1.75', newVal:'0.90'}
4. SetChange{globalId:'io.github.picodotdev.blogbitix.holamundojavers.Product/Aquarius', property:'categories', containerChanges:[removed:'io.github.picodotdev.blogbitix.holamu
ndojavers.Category/Drink', added:'io.github.picodotdev.blogbitix.holamundojavers.Category/Sport']}

Commit...
Query...
ValueChange{globalId:'io.github.picodotdev.blogbitix.holamundojavers.Product/Aquarius', property:'price', oldVal:'2.00', newVal:'1.60'}
ValueChange{globalId:'io.github.picodotdev.blogbitix.holamundojavers.Product/Aquarius', property:'price', oldVal:'1.75', newVal:'2.00'}

BUILD SUCCESSFUL

Total time: 4.954 secs