> Task :tasks

------------------------------------------------------------
Tasks runnable from root project 'java-application'
------------------------------------------------------------

Application tasks
-----------------
run - Runs this project as a JVM application

Build tasks
-----------
assemble - Assembles the outputs of this project.
build - Assembles and tests this project.
buildDependents - Assembles and tests this project and all projects that depend on it.
buildNeeded - Assembles and tests this project and all projects it depends on.
classes - Assembles main classes.
clean - Deletes the build directory.
jar - Assembles a jar archive containing the main classes.
testClasses - Assembles test classes.

Build Setup tasks
-----------------
init - Initializes a new Gradle build.
wrapper - Generates Gradle wrapper files.

Distribution tasks
------------------
assembleDist - Assembles the main distributions
distTar - Bundles the project as a distribution.
distZip - Bundles the project as a distribution.
installDist - Installs the project as a distribution as-is.

Documentation tasks
-------------------
javadoc - Generates Javadoc API documentation for the main source code.

Help tasks
----------
buildEnvironment - Displays all buildscript dependencies declared in root project 'java-application'.
dependencies - Displays all dependencies declared in root project 'java-application'.
dependencyInsight - Displays the insight into a specific dependency in root project 'java-application'.
help - Displays a help message.
javaToolchains - Displays the detected java toolchains.
outgoingVariants - Displays the outgoing variants of root project 'java-application'.
projects - Displays the sub-projects of root project 'java-application'.
properties - Displays the properties of root project 'java-application'.
tasks - Displays the tasks runnable from root project 'java-application' (some of the displayed tasks may belong to subprojects).

Verification tasks
------------------
check - Runs all checks.
spotbugsMain - Run SpotBugs analysis for the source set 'main'
spotbugsTest - Run SpotBugs analysis for the source set 'test'
test - Runs the test suite.

To see all tasks and more detail, run gradlew tasks --all

To see more detail about a task, run gradlew help --task <task>

BUILD SUCCESSFUL in 628ms
1 actionable task: 1 executed