  .   ____          _            __ _ _
 /\\ / ___'_ __ _ _(_)_ __  __ _ \ \ \ \
( ( )\___ | '_ | '_| | '_ \/ _` | \ \ \ \
 \\/  ___)| |_)| | | | | || (_| |  ) ) ) )
  '  |____| .__|_| |_|_| |_\__, | / / / /
 =========|_|==============|___/=/_/_/_/
 :: Spring Boot ::                (v2.5.3)

2021-08-05 20:38:55.887  INFO 13543 --- [           main] i.g.p.b.holamundoapachecamel.Main        : Starting Main using Java 11.0.10 on archlinux with PID 13543 (/home/picodotdev/Documentos/Software/personal/blog-ejemplos/HolaMundoApacheCamel/app/build/classes/java/main started by picodotdev in /home/picodotdev/Documentos/Software/personal/blog-ejemplos/HolaMundoApacheCamel/app)
2021-08-05 20:38:55.889  INFO 13543 --- [           main] i.g.p.b.holamundoapachecamel.Main        : No active profile set, falling back to default profiles: default
2021-08-05 20:38:57.146  INFO 13543 --- [           main] c.s.b.CamelSpringBootApplicationListener : Starting CamelMainRunController to ensure the main thread keeps running
2021-08-05 20:38:57.155  INFO 13543 --- [           main] o.a.c.impl.engine.AbstractCamelContext   : Routes startup summary (total:5 started:5)
2021-08-05 20:38:57.156  INFO 13543 --- [           main] o.a.c.impl.engine.AbstractCamelContext   :     Started books-file (file://misc/)
2021-08-05 20:38:57.156  INFO 13543 --- [           main] o.a.c.impl.engine.AbstractCamelContext   :     Started books-cheap (direct://books-cheap)
2021-08-05 20:38:57.156  INFO 13543 --- [           main] o.a.c.impl.engine.AbstractCamelContext   :     Started books-expensive (direct://books-expensive)
2021-08-05 20:38:57.156  INFO 13543 --- [           main] o.a.c.impl.engine.AbstractCamelContext   :     Started books-stream-out (direct://books-stream-out)
2021-08-05 20:38:57.156  INFO 13543 --- [           main] o.a.c.impl.engine.AbstractCamelContext   :     Started helloworld (direct://helloworld)
2021-08-05 20:38:57.156  INFO 13543 --- [           main] o.a.c.impl.engine.AbstractCamelContext   : Apache Camel 3.11.0 (camel-1) started in 234ms (build:31ms init:190ms start:13ms)
2021-08-05 20:38:57.161  INFO 13543 --- [           main] i.g.p.b.holamundoapachecamel.Main        : Started Main in 1.629 seconds (JVM running for 1.958)
26723c08-c1dc-4459-9afa-4a746cad97c8
31e93fa7-9df8-45fa-9852-36deb677b505
f629d26d-396a-4db9-a88e-6f072cde7abe
1c2593e8-09e3-4dcd-becb-9fd6053f5bde
79087761-6d61-4dfa-8a9b-acd6ad83389f
a77b1048-3ea1-46cb-b427-1d5b92d556f6
7e45f1e9-5725-4514-b3cf-cfbf3a406c9a
17e0999a-4d0f-4724-ab14-dd655b7bb991
e999a300-d1c2-4911-8d8f-1f0ad575e4e6
f5b3fb7c-1e22-405b-991b-978bd2e8134f
The DevOps Handbook at only 23.92 €
The Phoenix Project at only 26.00 €
The Unicorn Project at only 24.96 €