...
2020-07-03 14:41:00,004  INFO  ...QuartzJobListener QuartzJobListener: jobToBeExecuted. Job: QuartzJob, Trigger: CronQuartzTrigger
2020-07-03 14:41:00,005  INFO          ...QuartzJob Job: QuartzJob
2020-07-03 14:41:00,005  INFO  ...QuartzJobListener QuartzJobListener: jobWasExecuted. Job: QuartzJob, Trigger: CronQuartzTrigger
2020-07-03 14:41:01,069  INFO         ...SpringJobs SpringJob: scheduleJobWithDelay
2020-07-03 14:41:01,069  INFO         ...SpringJobs SpringJob: scheduleJobWithCron
2020-07-03 14:41:01,070  INFO         ...SpringJobs SpringJob: scheduleJobWithFixedRate
2020-07-03 14:41:01,075  INFO            ...JavaJob JavaJob: jobWithDelay
2020-07-03 14:41:01,077  INFO            ...JavaJob JavaJob: jobWithFixedRate
2020-07-03 14:41:03,068  INFO         ...SpringJobs SpringJob: scheduleJobWithFixedRate
2020-07-03 14:41:03,075  INFO            ...JavaJob JavaJob: jobWithFixedRate
2020-07-03 14:41:05,070  INFO         ...SpringJobs SpringJob: scheduleJobWithDelay
2020-07-03 14:41:05,070  INFO         ...SpringJobs SpringJob: scheduleJobWithFixedRate
2020-07-03 14:41:05,074  INFO            ...JavaJob JavaJob: jobWithFixedRate
2020-07-03 14:41:05,077  INFO            ...JavaJob JavaJob: jobWithDelay
2020-07-03 14:41:07,068  INFO         ...SpringJobs SpringJob: scheduleJobWithFixedRate
2020-07-03 14:41:07,074  INFO            ...JavaJob JavaJob: jobWithFixedRate
...
2020-07-03 14:42:00,003  INFO  ...QuartzJobListener QuartzJobListener: jobToBeExecuted. Job: QuartzJob, Trigger: CronQuartzTrigger
2020-07-03 14:42:00,004  INFO          ...QuartzJob Job: QuartzJob
2020-07-03 14:42:00,005  INFO  ...QuartzJobListener QuartzJobListener: jobWasExecuted. Job: QuartzJob, Trigger: CronQuartzTrigger
2020-07-03 14:42:01,074  INFO            ...JavaJob JavaJob: jobWithFixedRate
2020-07-03 14:42:01,085  INFO         ...SpringJobs SpringJob: scheduleJobWithDelay
2020-07-03 14:42:01,086  INFO         ...SpringJobs SpringJob: scheduleJobWithCron
2020-07-03 14:42:01,087  INFO         ...SpringJobs SpringJob: scheduleJobWithFixedRate
...