...
> GET /blog-bitix/ HTTP/2
> Host: picodotdev.github.io
> user-agent: curl/7.86.0
> accept: */*
> 
* TLSv1.3 (IN), TLS handshake, Newsession Ticket (4):
< HTTP/2 200 
< server: GitHub.com
< content-type: text/html; charset=utf-8
< permissions-policy: interest-cohort=()
< last-modified: Sat, 29 Oct 2022 03:46:53 GMT
< access-control-allow-origin: *
< etag: "635ca22d-88fd"
< expires: Thu, 03 Nov 2022 22:08:53 GMT
< cache-control: max-age=600
< x-proxy-cache: MISS
< x-github-request-id: 8B94:479F:70D593:739994:6364399D
< accept-ranges: bytes
< date: Thu, 03 Nov 2022 21:58:53 GMT
< via: 1.1 varnish
< age: 0
< x-served-by: cache-mad22067-MAD
< x-cache: MISS
< x-cache-hits: 0
< x-timer: S1667512734.552326,VS0,VE132
< vary: Accept-Encoding
< x-fastly-request-id: 3c819d3e28b1a87d6c2f80b4606c3530bcc35fbe
< content-length: 35069
< 
<!DOCTYPE html>
<html lang="es">
<head>
	<meta name="generator" content="Hugo 0.102.3" />
  <meta name="base" href="/blog-bitix/">
  <meta http-equiv="content-type" content="text/html; charset=utf-8">
  <meta name="viewport" content="width=device-width, initial-scale=1">
  <meta name="author" content="picodotdev">
  <meta name="keywords" content="java, programacion, software, hardware, tapestry, software libre, gnu, linux, gnu/linux, unix, arch, arch linux, web, html, css, javascript, tutorial, guía, básico, avanzado, análisis, tecnología, juegos, productos">
  <meta name="description" content="Blog sobre el lenguaje de programación Java y la distribución GNU/Linux que uso habitualmente, Arch Linux, lo que aprendo sobre el software libre, la programación web y otros temas relacionados con la tecnología y la informática. El contenido puede contener trazas de asuntos fuera de tema.">
  <meta name="theme-color" content="#FFFFFF"/>

  <title>Blog Bitix</title>
...