Sending request http://localhost:8080/message/?random=520983c7-79d9-4956-aceb-b0dad5c8902c on Connection{localhost:8080, proxy=DIRECT hostAddress=localhost/127.0.0.1:8080 cipherSuite=none protocol=http/1.1}
Accept-Language: es-ES
Host: localhost:8080
Connection: Keep-Alive
Accept-Encoding: gzip
User-Agent: okhttp/3.14.9

Random: 520983c7-79d9-4956-aceb-b0dad5c8902c
Received response for http://localhost:8080/message/?random=520983c7-79d9-4956-aceb-b0dad5c8902c in 94,6ms
Content-Type: text/plain;charset=UTF-8
Content-Length: 13
Date: Fri, 23 Apr 2021 17:46:41 GMT
Keep-Alive: timeout=60
Connection: keep-alive

Sending request http://localhost:8080/message/Java?random=d4cca45d-4a45-40ca-9872-fc2c344f1572 on Connection{localhost:8080, proxy=DIRECT hostAddress=localhost/127.0.0.1:8080 cipherSuite=none protocol=http/1.1}
Accept-Language: es-ES
Host: localhost:8080
Connection: Keep-Alive
Accept-Encoding: gzip
User-Agent: okhttp/3.14.9

Random: d4cca45d-4a45-40ca-9872-fc2c344f1572
Received response for http://localhost:8080/message/Java?random=d4cca45d-4a45-40ca-9872-fc2c344f1572 in 3,7ms
Content-Type: text/plain;charset=UTF-8
Content-Length: 12
Date: Fri, 23 Apr 2021 17:46:41 GMT
Keep-Alive: timeout=60
Connection: keep-alive

Sending request http://localhost:8080/message/?random=e802c2e7-9f5c-4908-8fe6-22b3c8069192 on Connection{localhost:8080, proxy=DIRECT hostAddress=localhost/127.0.0.1:8080 cipherSuite=none protocol=http/1.1}
Accept-Language: en-GB
Host: localhost:8080
Connection: Keep-Alive
Accept-Encoding: gzip
User-Agent: okhttp/3.14.9

Random: e802c2e7-9f5c-4908-8fe6-22b3c8069192
Received response for http://localhost:8080/message/?random=e802c2e7-9f5c-4908-8fe6-22b3c8069192 in 2,2ms
Content-Type: text/plain;charset=UTF-8
Content-Length: 12
Date: Fri, 23 Apr 2021 17:46:41 GMT
Keep-Alive: timeout=60
Connection: keep-alive

Sending request http://localhost:8080/message/Java?random=16fc8a5f-b9ab-4b26-8049-81a4e7901820 on Connection{localhost:8080, proxy=DIRECT hostAddress=localhost/127.0.0.1:8080 cipherSuite=none protocol=http/1.1}
Accept-Language: en-GB
Host: localhost:8080
Connection: Keep-Alive
Accept-Encoding: gzip
User-Agent: okhttp/3.14.9

Random: 16fc8a5f-b9ab-4b26-8049-81a4e7901820
Received response for http://localhost:8080/message/Java?random=16fc8a5f-b9ab-4b26-8049-81a4e7901820 in 2,7ms
Content-Type: text/plain;charset=UTF-8
Content-Length: 10
Date: Fri, 23 Apr 2021 17:46:41 GMT
Keep-Alive: timeout=60
Connection: keep-alive

Result: ¡Hola mundo!
Result: ¡Hola Java!
Result: Hello World!
Result: Hello Java!