$ jshell
|  Welcome to JShell -- Version 9
|  For an introduction type: /help intro

jshell> /edit
java.lang.Exception: Stack trace
	at java.base/java.lang.Thread.dumpStack(Thread.java:1435)
	at REPL.$JShell$11.do_it$($JShell$11.java:4)
	at java.base/jdk.internal.reflect.NativeMethodAccessorImpl.invoke0(Native Method)
	at java.base/jdk.internal.reflect.NativeMethodAccessorImpl.invoke(NativeMethodAccessorImpl.java:62)
	at java.base/jdk.internal.reflect.DelegatingMethodAccessorImpl.invoke(DelegatingMethodAccessorImpl.java:43)
	at java.base/java.lang.reflect.Method.invoke(Method.java:564)
	at jdk.jshell/jdk.jshell.execution.DirectExecutionControl.invoke(DirectExecutionControl.java:209)
	at jdk.jshell/jdk.jshell.execution.RemoteExecutionControl.invoke(RemoteExecutionControl.java:116)
	at jdk.jshell/jdk.jshell.execution.DirectExecutionControl.invoke(DirectExecutionControl.java:119)
	at jdk.jshell/jdk.jshell.execution.ExecutionControlForwarder.processCommand(ExecutionControlForwarder.java:134)
	at jdk.jshell/jdk.jshell.execution.ExecutionControlForwarder.commandLoop(ExecutionControlForwarder.java:225)
	at jdk.jshell/jdk.jshell.execution.Util.forwardExecutionControl(Util.java:76)
	at jdk.jshell/jdk.jshell.execution.Util.forwardExecutionControlAndIO(Util.java:137)
	at jdk.jshell/jdk.jshell.execution.RemoteExecutionControl.main(RemoteExecutionControl.java:70)

java.lang.Exception
	at REPL.$JShell$12.do_it$($JShell$12.java:4)
	at java.base/jdk.internal.reflect.NativeMethodAccessorImpl.invoke0(Native Method)
	at java.base/jdk.internal.reflect.NativeMethodAccessorImpl.invoke(NativeMethodAccessorImpl.java:62)
	at java.base/jdk.internal.reflect.DelegatingMethodAccessorImpl.invoke(DelegatingMethodAccessorImpl.java:43)
	at java.base/java.lang.reflect.Method.invoke(Method.java:564)
	at jdk.jshell/jdk.jshell.execution.DirectExecutionControl.invoke(DirectExecutionControl.java:209)
	at jdk.jshell/jdk.jshell.execution.RemoteExecutionControl.invoke(RemoteExecutionControl.java:116)
	at jdk.jshell/jdk.jshell.execution.DirectExecutionControl.invoke(DirectExecutionControl.java:119)
	at jdk.jshell/jdk.jshell.execution.ExecutionControlForwarder.processCommand(ExecutionControlForwarder.java:134)
	at jdk.jshell/jdk.jshell.execution.ExecutionControlForwarder.commandLoop(ExecutionControlForwarder.java:225)
	at jdk.jshell/jdk.jshell.execution.Util.forwardExecutionControl(Util.java:76)
	at jdk.jshell/jdk.jshell.execution.Util.forwardExecutionControlAndIO(Util.java:137)
	at jdk.jshell/jdk.jshell.execution.RemoteExecutionControl.main(RemoteExecutionControl.java:70)

java.lang.Exception
	at REPL.$JShell$13.do_it$($JShell$13.java:4)
	at java.base/jdk.internal.reflect.NativeMethodAccessorImpl.invoke0(Native Method)
	at java.base/jdk.internal.reflect.NativeMethodAccessorImpl.invoke(NativeMethodAccessorImpl.java:62)