{
  "data": {
    "__schema": {
      "types": [
        {
          "name": "Author"
        },
        {
          "name": "Book"
        },
        {
          "name": "BookFilter"
        },
        {
          "name": "Boolean"
        },
        {
          "name": "Comment"
        },
        {
          "name": "CommentEdge"
        },
        {
          "name": "CommentsConnection"
        },
        {
          "name": "LocalDate"
        },
        {
          "name": "Long"
        },
        {
          "name": "Magazine"
        },
        {
          "name": "Mutation"
        },
        {
          "name": "PageInfo"
        },
        {
          "name": "Publication"
        },
        {
          "name": "Query"
        },
        {
          "name": "String"
        },
        {
          "name": "__Directive"
        },
        {
          "name": "__DirectiveLocation"
        },
        {
          "name": "__EnumValue"
        },
        {
          "name": "__Field"
        },
        {
          "name": "__InputValue"
        },
        {
          "name": "__Schema"
        },
        {
          "name": "__Type"
        },
        {
          "name": "__TypeKind"
        }
      ]
    }
  }
}